<?xml version="1.0" encoding="UTF-8"?>
<!-- Generated by org.testng.reporters.JUnitReportReporter -->
<testsuite hostname="MacBook-Pro-Nurlan.local" failures="0" tests="1" name="com.automation.tests.TestNGTest" time="0.008" errors="0" timestamp="08 янв. 2022 03:14:03 GMT" skipped="0">
  <testcase classname="com.automation.tests.TestNGTest" name="secondTest" time="0.008"/>
</testsuite> <!-- com.automation.tests.TestNGTest -->
